04-23-2017 @ 13:34:46 - Mollie_WC_Helper_Data::deleteTransients: Mollie settings saved, delete transients
04-23-2017 @ 13:35:06 - Mollie_WC_Helper_Data::deleteTransients: Mollie settings saved, delete transients
04-23-2017 @ 13:36:54 - mollie_wc_gateway_ideal: Create payment for order 11
04-23-2017 @ 13:36:54 - mollie_wc_gateway_ideal: Payment tr_KBHGGepj8s (test) created for order 11
04-23-2017 @ 13:36:54 - Redirect user to payment URL: https://www.mollie.com/paymentscreen/ideal/select-issuer/KBHGGepj8s
04-23-2017 @ 13:37:10 - mollie_wc_gateway_ideal: Create payment for order 11
04-23-2017 @ 13:37:10 - mollie_wc_gateway_ideal: Payment tr_gfgtccEe2P (test) created for order 11
04-23-2017 @ 13:37:10 - Redirect user to payment URL: https://www.mollie.com/paymentscreen/ideal/testmode?transaction_id=e4ed8270a7455a788092416a3563e7db&bank_trxid=0000000003049984
04-23-2017 @ 13:45:27 - mollie_wc_gateway_creditcard: Create payment for order 11
04-23-2017 @ 13:45:27 - mollie_wc_gateway_creditcard: Payment tr_tVzbbJA6B4 (test) created for order 11
04-23-2017 @ 13:45:28 - Redirect user to payment URL: https://www.mollie.com/paymentscreen/creditcard/testmode/acb5c97f670906ed28099d46a8bd91cb
04-23-2017 @ 13:45:59 - mollie_wc_gateway_paypal: Create payment for order 11
04-23-2017 @ 13:46:01 - mollie_wc_gateway_paypal: Payment tr_fzdayN6Cgf (test) created for order 11
04-23-2017 @ 13:46:01 - Redirect user to payment URL: https://www.mollie.com/testmode/paypal/?transaction_id=EC-Ek0KVUZclNsQc6J0M
04-23-2017 @ 13:53:15 - mollie_wc_gateway_ideal: Mollie payment tr_KBHGGepj8s (test) webhook call for order 11.
04-23-2017 @ 13:53:15 - Mollie_WC_Gateway_Abstract::onWebhookExpired called.
04-23-2017 @ 13:55:08 - mollie_wc_gateway_ideal: Order 11 does not need a payment (payment webhook tr_gfgtccEe2P).
04-23-2017 @ 14:02:11 - mollie_wc_gateway_paypal: Order 11 does not need a payment (payment webhook tr_fzdayN6Cgf).
04-23-2017 @ 14:04:07 - mollie_wc_gateway_creditcard: Order 11 does not need a payment (payment webhook tr_tVzbbJA6B4).
04-23-2017 @ 14:05:51 - mollie_wc_gateway_paypal: Create payment for order 12
04-23-2017 @ 14:05:51 - mollie_wc_gateway_paypal: Payment tr_hcRzWND24M (test) created for order 12
04-23-2017 @ 14:05:51 - Redirect user to payment URL: https://www.mollie.com/testmode/paypal/?transaction_id=EC-6cSzGMpe8CHMrFgsB
04-23-2017 @ 14:07:08 - mollie_wc_gateway_ideal: Create payment for order 12
04-23-2017 @ 14:07:09 - mollie_wc_gateway_ideal: Payment tr_MWWcpfGMkk (test) created for order 12
04-23-2017 @ 14:07:09 - Redirect user to payment URL: https://www.mollie.com/paymentscreen/ideal/testmode?transaction_id=c8df9586228f8a8877b5ee74d48ca128&bank_trxid=0000000003049984
04-23-2017 @ 14:24:26 - mollie_wc_gateway_paypal: Mollie payment tr_hcRzWND24M (test) webhook call for order 12.
04-23-2017 @ 14:24:26 - Mollie_WC_Gateway_Abstract::onWebhookExpired called.
04-23-2017 @ 14:24:45 - mollie_wc_gateway_ideal: Create payment for order 13
04-23-2017 @ 14:24:45 - mollie_wc_gateway_ideal: Payment tr_5ekMfSKtuv (test) created for order 13
04-23-2017 @ 14:24:45 - Redirect user to payment URL: https://www.mollie.com/paymentscreen/ideal/testmode?transaction_id=f59996974b02ba47bbeb3825767e5d0a&bank_trxid=0000000003049984
04-23-2017 @ 14:25:10 - mollie_wc_gateway_ideal: Order 12 does not need a payment (payment webhook tr_MWWcpfGMkk).
04-23-2017 @ 14:26:29 - mollie_wc_gateway_ideal: Create payment for order 13
04-23-2017 @ 14:26:29 - mollie_wc_gateway_ideal: Payment tr_4BsNKv4e3g (test) created for order 13
04-23-2017 @ 14:26:29 - Redirect user to payment URL: https://www.mollie.com/paymentscreen/ideal/testmode?transaction_id=89d36d6872ed0b26f8ef999b7f566e6c&bank_trxid=0000000003049984
04-23-2017 @ 14:27:09 - mollie_wc_gateway_ideal: Create payment for order 13
04-23-2017 @ 14:27:10 - mollie_wc_gateway_ideal: Payment tr_t8buk2zmR4 (test) created for order 13
04-23-2017 @ 14:27:10 - Redirect user to payment URL: https://www.mollie.com/paymentscreen/ideal/testmode?transaction_id=4318530b1eede26a8151d842e2228bd5&bank_trxid=0000000003049984
04-23-2017 @ 14:34:54 - mollie_wc_gateway_ideal: Create payment for order 13
04-23-2017 @ 14:34:54 - mollie_wc_gateway_ideal: Payment tr_epGbPejjGz (test) created for order 13
04-23-2017 @ 14:34:54 - Redirect user to payment URL: https://www.mollie.com/paymentscreen/ideal/testmode?transaction_id=cc868f007674eb48d9261013ae7db5ff&bank_trxid=0000000003049984
04-23-2017 @ 14:41:11 - mollie_wc_gateway_ideal: Mollie payment tr_5ekMfSKtuv (test) webhook call for order 13.
04-23-2017 @ 14:41:11 - Mollie_WC_Gateway_Abstract::onWebhookExpired called.
04-23-2017 @ 14:41:24 - mollie_wc_gateway_ideal: Create payment for order 14
04-23-2017 @ 14:41:24 - mollie_wc_gateway_ideal: Payment tr_7FkP2s97Gw (test) created for order 14
04-23-2017 @ 14:41:24 - Redirect user to payment URL: https://www.mollie.com/paymentscreen/ideal/testmode?transaction_id=48ae5c2fbf9caca6d470cf71a52853cb&bank_trxid=0000000003049984
04-23-2017 @ 14:43:17 - mollie_wc_gateway_ideal: Order 13 does not need a payment (payment webhook tr_4BsNKv4e3g).
04-23-2017 @ 14:45:07 - mollie_wc_gateway_ideal: Order 13 does not need a payment (payment webhook tr_t8buk2zmR4).
04-23-2017 @ 14:45:38 - mollie_wc_gateway_ideal: Create payment for order 14
04-23-2017 @ 14:45:38 - mollie_wc_gateway_ideal: Payment tr_4mnzCEkHQv (test) created for order 14
04-23-2017 @ 14:45:38 - Redirect user to payment URL: https://www.mollie.com/paymentscreen/ideal/testmode?transaction_id=cfa58031c9fc0bd46923c0b74712bb46&bank_trxid=0000000003049984
04-23-2017 @ 14:46:04 - mollie_wc_gateway_ideal: Mollie payment tr_4mnzCEkHQv (test) webhook call for order 14.
04-23-2017 @ 14:46:04 - Mollie_WC_Gateway_Abstract::onWebhookPaid called.
04-23-2017 @ 14:46:09 - Mollie_WC_Plugin::onMollieReturn: Redirect url on return order mollie_wc_gateway_ideal, order 14: http://shop.gerlinda.eu/index.php/checkout/order-received/14?key=wc_order_58fcbd137cfb9&utm_nooverride=1
04-23-2017 @ 14:47:58 - mollie_wc_gateway_ideal: Create payment for order 15
04-23-2017 @ 14:47:58 - mollie_wc_gateway_ideal: Payment tr_nbMsVdGABs (test) created for order 15
04-23-2017 @ 14:47:58 - Redirect user to payment URL: https://www.mollie.com/paymentscreen/ideal/testmode?transaction_id=d37230e3664277eb53c16ec7c5a1c6cf&bank_trxid=0000000003049984
04-23-2017 @ 14:50:59 - mollie_wc_gateway_ideal: Create payment for order 15
04-23-2017 @ 14:50:59 - mollie_wc_gateway_ideal: Payment tr_gGUJRbQfbv (test) created for order 15
04-23-2017 @ 14:50:59 - Redirect user to payment URL: https://www.mollie.com/paymentscreen/ideal/testmode?transaction_id=d36bd820f7480798df3e5a1e038fbe38&bank_trxid=0000000003049984
04-23-2017 @ 14:51:12 - mollie_wc_gateway_ideal: Order 13 does not need a payment (payment webhook tr_epGbPejjGz).
04-23-2017 @ 14:51:14 - mollie_wc_gateway_ideal: Mollie payment tr_gGUJRbQfbv (test) webhook call for order 15.
04-23-2017 @ 14:51:14 - Mollie_WC_Gateway_Abstract::onWebhookCancelled called.
04-23-2017 @ 14:51:18 - Mollie_WC_Plugin::onMollieReturn: Redirect url on return order mollie_wc_gateway_ideal, order 15: http://shop.gerlinda.eu/index.php/checkout/order-pay/15?pay_for_order=true&key=wc_order_58fcbe9d4e41c&utm_nooverride=1
04-23-2017 @ 14:54:55 - Mollie_WC_Helper_Data::deleteTransients: Mollie settings saved, delete transients
04-23-2017 @ 14:55:09 - Mollie_WC_Helper_Data::deleteTransients: Mollie settings saved, delete transients
04-23-2017 @ 14:55:20 - Mollie_WC_Helper_Data::deleteTransients: Mollie settings saved, delete transients
04-23-2017 @ 14:55:31 - Mollie_WC_Helper_Data::deleteTransients: Mollie settings saved, delete transients
04-23-2017 @ 14:55:43 - Mollie_WC_Helper_Data::deleteTransients: Mollie settings saved, delete transients
04-23-2017 @ 14:55:55 - Mollie_WC_Helper_Data::deleteTransients: Mollie settings saved, delete transients
04-23-2017 @ 14:56:05 - Mollie_WC_Helper_Data::deleteTransients: Mollie settings saved, delete transients
04-23-2017 @ 14:56:22 - Mollie_WC_Helper_Data::deleteTransients: Mollie settings saved, delete transients
04-23-2017 @ 14:56:32 - Mollie_WC_Helper_Data::deleteTransients: Mollie settings saved, delete transients
04-23-2017 @ 14:57:01 - Mollie_WC_Helper_Data::deleteTransients: Mollie settings saved, delete transients
04-23-2017 @ 14:57:31 - Mollie_WC_Helper_Data::deleteTransients: Mollie settings saved, delete transients
04-23-2017 @ 14:57:51 - mollie_wc_gateway_ideal: Create payment for order 15
04-23-2017 @ 14:57:51 - mollie_wc_gateway_ideal: Payment tr_u7cERyjGSG (test) created for order 15
04-23-2017 @ 14:57:51 - Redirect user to payment URL: https://www.mollie.com/paymentscreen/ideal/testmode?transaction_id=9bdca60c5475f61d1815eadc40c33167&bank_trxid=0000000003049984
04-23-2017 @ 14:59:11 - mollie_wc_gateway_ideal: Order 14 does not need a payment (payment webhook tr_7FkP2s97Gw).
04-23-2017 @ 15:05:12 - mollie_wc_gateway_ideal: Mollie payment tr_nbMsVdGABs (test) webhook call for order 15.
04-23-2017 @ 15:05:12 - Mollie_WC_Gateway_Abstract::onWebhookExpired called.
04-23-2017 @ 15:06:12 - mollie_wc_gateway_ideal: Create payment for order 21
04-23-2017 @ 15:06:12 - mollie_wc_gateway_ideal: Payment tr_4KpFQUz3zq (test) created for order 21
04-23-2017 @ 15:06:12 - Redirect user to payment URL: https://www.mollie.com/paymentscreen/ideal/testmode?transaction_id=70e16ef86b63070f79cbf95cfdb66996&bank_trxid=0000000003049984
04-23-2017 @ 15:07:47 - mollie_wc_gateway_ideal: Create payment for order 21
04-23-2017 @ 15:07:48 - mollie_wc_gateway_ideal: Payment tr_A7n3KEqz2k (test) created for order 21
04-23-2017 @ 15:07:48 - Redirect user to payment URL: https://www.mollie.com/paymentscreen/ideal/testmode?transaction_id=4317933ae97a4efbca63de25057168e8&bank_trxid=0000000003049984
04-23-2017 @ 15:07:59 - mollie_wc_gateway_ideal: Mollie payment tr_A7n3KEqz2k (test) webhook call for order 21.
04-23-2017 @ 15:07:59 - Mollie_WC_Gateway_Abstract::onWebhookPaid called.
04-23-2017 @ 15:08:03 - Mollie_WC_Plugin::onMollieReturn: Redirect url on return order mollie_wc_gateway_ideal, order 21: http://shop.gerlinda.eu/index.php/checkout/order-received/21?key=wc_order_58fcc2e304aed&utm_nooverride=1
04-23-2017 @ 15:14:12 - mollie_wc_gateway_ideal: Order 15 does not need a payment (payment webhook tr_u7cERyjGSG).
04-23-2017 @ 15:23:11 - mollie_wc_gateway_ideal: Order 21 does not need a payment (payment webhook tr_4KpFQUz3zq).
